Removed Pin From Net: NetName=RPWM1 Pin=C1-1
Removed Pin From Net: NetName=+5 Pin=C1-3
Removed Pin From Net: NetName=GND Pin=C1-6
Removed Pin From Net: NetName=LPWM1 Pin=C1-8
Removed Pin From Net: NetName=RPWM2 Pin=C2-1
Removed Pin From Net: NetName=+12 Pin=C2-4
Removed Pin From Net: NetName=GND Pin=C2-5
Removed Pin From Net: NetName=GND Pin=C2-6
Removed Pin From Net: NetName=+5 Pin=C2-7
Removed Pin From Net: NetName=LPWM2 Pin=C2-8
Added Pin To Net: NetName=+5 Pin=C1-1
Added Pin To Net: NetName=RPWM1 Pin=C1-3
Added Pin To Net: NetName=LPWM1 Pin=C1-6
Added Pin To Net: NetName=GND Pin=C1-8
Added Pin To Net: NetName=+12 Pin=C2-1
Added Pin To Net: NetName=RPWM2 Pin=C2-4
Added Pin To Net: NetName=LPWM1 Pin=C2-5
Added Pin To Net: NetName=+5 Pin=C2-6
Added Pin To Net: NetName=GND Pin=C2-7
Added Pin To Net: NetName=GND Pin=C2-8
